make[3]: Entering directory `/home/rosbuild/.hudson/jobs/wg-ros-pkg-trunk-ubuntu-hardy-x86/workspace/wg-ros-pkg-trunk/pr2/qualification/build'
Linking CXX executable ../tests/wge100_camera_test/led_flash_test
/home/rosbuild/.hudson/jobs/wg-ros-pkg-trunk-ubuntu-hardy-x86/workspace/wg-ros-pkg-trunk/sandbox/qualification_controllers/joint_qualification_controllers/lib/libjoint_qualification_controllers.so: undefined reference to `controller::JointVelocityController::getGains(double&, double&, double&, double&, double&)'
/home/rosbuild/.hudson/jobs/wg-ros-pkg-trunk-ubuntu-hardy-x86/workspace/wg-ros-pkg-trunk/controllers/pr2_mechanism_controllers/lib/libpr2_mechanism_controllers.so: undefined reference to `controller::JointVelocityController::JointVelocityController()'
/home/rosbuild/.hudson/jobs/wg-ros-pkg-trunk-ubuntu-hardy-x86/workspace/wg-ros-pkg-trunk/controllers/pr2_mechanism_controllers/lib/libpr2_mechanism_controllers.so: undefined reference to `controller::JointVelocityController::setCommand(double)'
/home/rosbuild/.hudson/jobs/wg-ros-pkg-trunk-ubuntu-hardy-x86/workspace/wg-ros-pkg-trunk/controllers/pr2_mechanism_controllers/lib/libpr2_mechanism_controllers.so: undefined reference to `controller::JointVelocityController::update()'
/home/rosbuild/.hudson/jobs/wg-ros-pkg-trunk-ubuntu-hardy-x86/workspace/wg-ros-pkg-trunk/controllers/pr2_mechanism_controllers/lib/libpr2_mechanism_controllers.so: undefined reference to `controller::JointVelocityController::init(pr2_mechanism::RobotState*, ros::NodeHandle const&)'
/home/rosbuild/.hudson/jobs/wg-ros-pkg-trunk-ubuntu-hardy-x86/workspace/wg-ros-pkg-trunk/sandbox/qualification_controllers/joint_qualification_controllers/lib/libjoint_qualification_controllers.so: undefined reference to `controller::JointVelocityController::getCommand(double&)'
/home/rosbuild/.hudson/jobs/wg-ros-pkg-trunk-ubuntu-hardy-x86/workspace/wg-ros-pkg-trunk/controllers/pr2_mechanism_controllers/lib/libpr2_mechanism_controllers.so: undefined reference to `controller::JointVelocityController::~JointVelocityController()'
/home/rosbuild/.hudson/jobs/wg-ros-pkg-trunk-ubuntu-hardy-x86/workspace/wg-ros-pkg-trunk/controllers/pr2_mechanism_controllers/lib/libpr2_mechanism_controllers.so: undefined reference to `controller::JointPositionController::~JointPositionController()'
/home/rosbuild/.hudson/jobs/wg-ros-pkg-trunk-ubuntu-hardy-x86/workspace/wg-ros-pkg-trunk/sandbox/qualification_controllers/joint_qualification_controllers/lib/libjoint_qualification_controllers.so: undefined reference to `controller::JointPositionController::setCommand(double)'
/home/rosbuild/.hudson/jobs/wg-ros-pkg-trunk-ubuntu-hardy-x86/workspace/wg-ros-pkg-trunk/controllers/pr2_mechanism_controllers/lib/libpr2_mechanism_controllers.so: undefined reference to `controller::JointVelocityController::init(pr2_mechanism::RobotState*, std::basic_string<char, std::char_traits<char>, std::allocator<char> > const&, control_toolbox::Pid const&)'
/home/rosbuild/.hudson/jobs/wg-ros-pkg-trunk-ubuntu-hardy-x86/workspace/wg-ros-pkg-trunk/controllers/pr2_mechanism_controllers/lib/libpr2_mechanism_controllers.so: undefined reference to `controller::JointPositionController::init(pr2_mechanism::RobotState*, ros::NodeHandle const&)'
/home/rosbuild/.hudson/jobs/wg-ros-pkg-trunk-ubuntu-hardy-x86/workspace/wg-ros-pkg-trunk/controllers/pr2_mechanism_controllers/lib/libpr2_mechanism_controllers.so: undefined reference to `controller::JointPositionController::JointPositionController()'
/home/rosbuild/.hudson/jobs/wg-ros-pkg-trunk-ubuntu-hardy-x86/workspace/wg-ros-pkg-trunk/controllers/pr2_mechanism_controllers/lib/libpr2_mechanism_controllers.so: undefined reference to `controller::JointPositionController::update()'
collect2: ld returned 1 exit status
make[3]: *** [../tests/wge100_camera_test/led_flash_test] Error 1
make[3]: Leaving directory `/home/rosbuild/.hudson/jobs/wg-ros-pkg-trunk-ubuntu-hardy-x86/workspace/wg-ros-pkg-trunk/pr2/qualification/build'
make[2]: *** [CMakeFiles/tests/wge100_camera_test/led_flash_test.dir/all] Error 2
make[2]: Leaving directory `/home/rosbuild/.hudson/jobs/wg-ros-pkg-trunk-ubuntu-hardy-x86/workspace/wg-ros-pkg-trunk/pr2/qualification/build'
make[1]: *** [all] Error 2
make[1]: Leaving directory `/home/rosbuild/.hudson/jobs/wg-ros-pkg-trunk-ubuntu-hardy-x86/workspace/wg-ros-pkg-trunk/pr2/qualification/build'
make: *** [all] Error 2
make: Leaving directory `/home/rosbuild/.hudson/jobs/wg-ros-pkg-trunk-ubuntu-hardy-x86/workspace/wg-ros-pkg-trunk/pr2/qualification'


